Tailwind CSS v4 Migration Log - 2025-05-19T17:16:45.656Z

Starting Tailwind CSS v4 migration...
Backed up: tailwind.config.mjs
Migrated Tailwind config to v4
Backed up: src\app\globals.css
Migrated globals.css to v4
Found 98 component files
Found 14 components that need migration

Components that need migration:
1. src\components\features\blog\blog-content.tsx
2. src\components\features\docs\sidebar\sidebar.tsx
3. src\components\features\navigation\resource-card.tsx
4. src\components\layout\home\blog-section.tsx
5. src\components\layout\home\features-section.tsx
6. src\components\layout\home\friends-section.tsx
7. src\components\layout\home\hero-section.tsx
8. src\components\layout\home\navigation-section.tsx
9. src\components\layout\navbar\nav-items.tsx
10. src\components\layout\navbar\navbar.tsx
11. src\components\typography\typography.tsx
12. src\components\ui\markdown\code-block\code-block.tsx
13. src\components\ui\markdown\code-group\code-group.tsx
14. src\components\ui\markdown\pre\pre.tsx

Migration preparation complete. Please follow the migration guide to continue.
