
> website@1.0.0 build C:\project\ifa\apps\website
> next build

   ▲ Next.js 15.5.3

   Creating an optimized production build ...
 ✓ Compiled successfully in 3.0s
   Linting and checking validity of types ...
   Collecting page data ...
   Generating static pages (0/5) ...
   Generating static pages (1/5) 
   Generating static pages (2/5) 
   Generating static pages (3/5) 
 ✓ Generating static pages (5/5)
   Finalizing page optimization ...
   Collecting build traces ...

Route (app)                                 Size  First Load JS
┌ ○ /                                    6.27 kB         125 kB
└ ○ /_not-found                            122 B         101 kB
+ First Load JS shared by all             101 kB
  ├ chunks/39-fc28f8048450ab1c.js        45.1 kB
  ├ chunks/7d631cee-1d10cf929d362bdc.js  54.2 kB
  └ other shared chunks (total)          1.94 kB


ƒ Middleware                             34.3 kB

○  (Static)  prerendered as static content

